ColoredNativeActivity/app/build/outputs/logs/manifest-merger-debug-report.txt
-- Merging decision tree log ---
manifest
ADDED from src/main/AndroidManifest.xml:2:1-24:12
	package
		ADDED from src/main/AndroidManifest.xml:3:5-42
		INJECTED from src/main/AndroidManifest.xml
		INJECTED from src/main/AndroidManifest.xml
	android:versionName
		INJECTED from src/main/AndroidManifest.xml
		INJECTED from src/main/AndroidManifest.xml
	xmlns:android
		ADDED from src/main/AndroidManifest.xml:2:11-69
	android:versionCode
		INJECTED from src/main/AndroidManifest.xml
		INJECTED from src/main/AndroidManifest.xml
uses-feature#0x00020000
ADDED from src/main/AndroidManifest.xml:5:5-91
	android:glEsVersion
		ADDED from src/main/AndroidManifest.xml:5:19-51
	android:required
		ADDED from src/main/AndroidManifest.xml:5:52-75
application
ADDED from src/main/AndroidManifest.xml:6:5-22:19
	android:hasCode
		ADDED from src/main/AndroidManifest.xml:12:9-32
	android:supportsRtl
		ADDED from src/main/AndroidManifest.xml:10:9-35
	android:allowBackup
		ADDED from src/main/AndroidManifest.xml:7:9-35
	android:icon
		ADDED from src/main/AndroidManifest.xml:8:9-43
	android:theme
		ADDED from src/main/AndroidManifest.xml:11:9-40
activity#android.app.NativeActivity
ADDED from src/main/AndroidManifest.xml:14:9-21:20
	android:label
		ADDED from src/main/AndroidManifest.xml:14:61-98
	android:name
		ADDED from src/main/AndroidManifest.xml:14:19-60
meta-data#android.app.lib_name
ADDED from src/main/AndroidManifest.xml:15:13-88
	android:value
		ADDED from src/main/AndroidManifest.xml:15:60-86
	android:name
		ADDED from src/main/AndroidManifest.xml:15:24-59
intent-filter#android.intent.action.MAIN+android.intent.category.LAUNCHER
ADDED from src/main/AndroidManifest.xml:16:13-20:29
action#android.intent.action.MAIN
ADDED from src/main/AndroidManifest.xml:17:17-69
	android:name
		ADDED from src/main/AndroidManifest.xml:17:25-66
category#android.intent.category.LAUNCHER
ADDED from src/main/AndroidManifest.xml:19:17-77
	android:name
		ADDED from src/main/AndroidManifest.xml:19:27-74
uses-sdk
INJECTED from src/main/AndroidManifest.xml reason: use-sdk injection requested
	android:targetSdkVersion
		INJECTED from src/main/AndroidManifest.xml
		INJECTED from src/main/AndroidManifest.xml
	android:minSdkVersion
		INJECTED from src/main/AndroidManifest.xml
		INJECTED from src/main/AndroidManifest.xml